1701169113: mosquitto version 1.6.9 starting
1701169113: Config loaded from /mosquitto/config/mosquitto.conf.
1701169113: Opening ipv4 listen socket on port 1883.
1701169113: Opening ipv6 listen socket on port 1883.
1701170914: Saving in-memory database to /mosquitto/data/mosquitto.db.
1701170914: Error saving in-memory database, unable to open /mosquitto/data/mosquitto.db.new for writing.
1701170914: Error: Permission denied.
1701173051: mosquitto version 1.6.9 terminating
1701173051: Saving in-memory database to /mosquitto/data/mosquitto.db.
1701173051: Error saving in-memory database, unable to open /mosquitto/data/mosquitto.db.new for writing.
1701173051: Error: Permission denied.
1701173064: mosquitto version 1.6.9 starting
1701173064: Config loaded from /mosquitto/config/mosquitto.conf.
1701173064: Opening ipv4 listen socket on port 1883.
1701173064: Opening ipv6 listen socket on port 1883.
1701173378: mosquitto version 1.6.9 terminating
1701173378: Saving in-memory database to /mosquitto/data/mosquitto.db.
1701173378: Error saving in-memory database, unable to open /mosquitto/data/mosquitto.db.new for writing.
1701173378: Error: Permission denied.
1701173384: mosquitto version 1.6.9 starting
1701173384: Config loaded from /mosquitto/config/mosquitto.conf.
1701173384: Opening ipv4 listen socket on port 1883.
1701173384: Opening ipv6 listen socket on port 1883.
1701173477: mosquitto version 1.6.9 terminating
1701173477: Saving in-memory database to /mosquitto/data/mosquitto.db.
1701173477: Error saving in-memory database, unable to open /mosquitto/data/mosquitto.db.new for writing.
1701173477: Error: Permission denied.
1701173488: mosquitto version 1.6.9 starting
1701173488: Config loaded from /mosquitto/config/mosquitto.conf.
1701173488: Opening ipv4 listen socket on port 1883.
1701173488: Opening ipv6 listen socket on port 1883.
1701173558: mosquitto version 1.6.9 terminating
1701173558: Saving in-memory database to /mosquitto/data/mosquitto.db.
1701173558: Error saving in-memory database, unable to open /mosquitto/data/mosquitto.db.new for writing.
1701173558: Error: Permission denied.
1701173564: mosquitto version 1.6.9 starting
1701173564: Config loaded from /mosquitto/config/mosquitto.conf.
1701173564: Opening ipv4 listen socket on port 1883.
1701173564: Opening ipv6 listen socket on port 1883.
1701173637: mosquitto version 1.6.9 terminating
1701173637: Saving in-memory database to /mosquitto/data/mosquitto.db.
1701173637: Error saving in-memory database, unable to open /mosquitto/data/mosquitto.db.new for writing.
1701173637: Error: Permission denied.
1701173647: mosquitto version 1.6.9 starting
1701173647: Config loaded from /mosquitto/config/mosquitto.conf.
1701173647: Opening ipv4 listen socket on port 1883.
1701173647: Opening ipv6 listen socket on port 1883.
1701173728: mosquitto version 1.6.9 terminating
1701173728: Saving in-memory database to /mosquitto/data/mosquitto.db.
1701173728: Error saving in-memory database, unable to open /mosquitto/data/mosquitto.db.new for writing.
1701173728: Error: Permission denied.
1701173733: mosquitto version 1.6.9 starting
1701173733: Config loaded from /mosquitto/config/mosquitto.conf.
1701173733: Opening ipv4 listen socket on port 1883.
1701173733: Opening ipv6 listen socket on port 1883.
1701173833: mosquitto version 1.6.9 terminating
1701173833: Saving in-memory database to /mosquitto/data/mosquitto.db.
1701173833: Error saving in-memory database, unable to open /mosquitto/data/mosquitto.db.new for writing.
1701173833: Error: Permission denied.
1701173839: mosquitto version 1.6.9 starting
1701173839: Config loaded from /mosquitto/config/mosquitto.conf.
1701173839: Opening ipv4 listen socket on port 1883.
1701173839: Opening ipv6 listen socket on port 1883.
1701173903: mosquitto version 1.6.9 terminating
1701173903: Saving in-memory database to /mosquitto/data/mosquitto.db.
1701173903: Error saving in-memory database, unable to open /mosquitto/data/mosquitto.db.new for writing.
1701173903: Error: Permission denied.
1701173906: mosquitto version 1.6.9 starting
1701173906: Config loaded from /mosquitto/config/mosquitto.conf.
1701173906: Opening ipv4 listen socket on port 1883.
1701173906: Opening ipv6 listen socket on port 1883.
1701175707: Saving in-memory database to /mosquitto/data/mosquitto.db.
1701175707: Error saving in-memory database, unable to open /mosquitto/data/mosquitto.db.new for writing.
1701175707: Error: Permission denied.
1701175820: mosquitto version 1.6.9 terminating
1701175820: Saving in-memory database to /mosquitto/data/mosquitto.db.
1701175820: Error saving in-memory database, unable to open /mosquitto/data/mosquitto.db.new for writing.
1701175820: Error: Permission denied.
1701238306: mosquitto version 1.6.9 starting
1701238306: Config loaded from /mosquitto/config/mosquitto.conf.
1701238306: Opening ipv4 listen socket on port 1883.
1701238306: Opening ipv6 listen socket on port 1883.
1701240107: Saving in-memory database to /mosquitto/data/mosquitto.db.
