1701169056: mosquitto version 2.0.10 starting
1701169056: Config loaded from /mosquitto/config/mosquitto.conf.
1701169056: Starting in local only mode. Connections will only be possible from clients running on this machine.
1701169056: Create a configuration file which defines a listener to allow remote access.
1701169056: For more details see https://mosquitto.org/documentation/authentication-methods/
1701169056: Opening ipv4 listen socket on port 1883.
1701169056: Opening ipv6 listen socket on port 1883.
1701169056: Error: Address not available
1701169056: mosquitto version 2.0.10 running
1701169108: mosquitto version 2.0.10 terminating
1701169108: Saving in-memory database to /mosquitto/data//mosquitto.db.
1701169113: mosquitto version 2.0.10 starting
1701169113: Config loaded from /mosquitto/config/mosquitto.conf.
1701169113: Starting in local only mode. Connections will only be possible from clients running on this machine.
1701169113: Create a configuration file which defines a listener to allow remote access.
1701169113: For more details see https://mosquitto.org/documentation/authentication-methods/
1701169113: Opening ipv4 listen socket on port 1883.
1701169113: Opening ipv6 listen socket on port 1883.
1701169113: Error: Address not available
1701169113: mosquitto version 2.0.10 running
1701170914: Saving in-memory database to /mosquitto/data//mosquitto.db.
1701173051: mosquitto version 2.0.10 terminating
1701173051: Saving in-memory database to /mosquitto/data//mosquitto.db.
1701173064: mosquitto version 2.0.10 starting
1701173064: Config loaded from /mosquitto/config/mosquitto.conf.
1701173064: Starting in local only mode. Connections will only be possible from clients running on this machine.
1701173064: Create a configuration file which defines a listener to allow remote access.
1701173064: For more details see https://mosquitto.org/documentation/authentication-methods/
1701173064: Opening ipv4 listen socket on port 1883.
1701173064: Opening ipv6 listen socket on port 1883.
1701173064: Error: Address not available
1701173064: mosquitto version 2.0.10 running
1701173378: mosquitto version 2.0.10 terminating
1701173378: Saving in-memory database to /mosquitto/data//mosquitto.db.
1701173384: mosquitto version 2.0.10 starting
1701173384: Config loaded from /mosquitto/config/mosquitto.conf.
1701173384: Starting in local only mode. Connections will only be possible from clients running on this machine.
1701173384: Create a configuration file which defines a listener to allow remote access.
1701173384: For more details see https://mosquitto.org/documentation/authentication-methods/
1701173384: Opening ipv4 listen socket on port 1883.
1701173384: Opening ipv6 listen socket on port 1883.
1701173384: Error: Address not available
1701173384: mosquitto version 2.0.10 running
1701173477: mosquitto version 2.0.10 terminating
1701173477: Saving in-memory database to /mosquitto/data//mosquitto.db.
1701173488: mosquitto version 2.0.10 starting
1701173488: Config loaded from /mosquitto/config/mosquitto.conf.
1701173488: Starting in local only mode. Connections will only be possible from clients running on this machine.
1701173488: Create a configuration file which defines a listener to allow remote access.
1701173488: For more details see https://mosquitto.org/documentation/authentication-methods/
1701173488: Opening ipv4 listen socket on port 1883.
1701173488: Opening ipv6 listen socket on port 1883.
1701173488: Error: Address not available
1701173488: mosquitto version 2.0.10 running
1701173558: mosquitto version 2.0.10 terminating
1701173558: Saving in-memory database to /mosquitto/data//mosquitto.db.
1701173564: mosquitto version 2.0.10 starting
1701173564: Config loaded from /mosquitto/config/mosquitto.conf.
1701173564: Starting in local only mode. Connections will only be possible from clients running on this machine.
1701173564: Create a configuration file which defines a listener to allow remote access.
1701173564: For more details see https://mosquitto.org/documentation/authentication-methods/
1701173564: Opening ipv4 listen socket on port 1883.
1701173564: Opening ipv6 listen socket on port 1883.
1701173564: Error: Address not available
1701173564: mosquitto version 2.0.10 running
1701173637: mosquitto version 2.0.10 terminating
1701173637: Saving in-memory database to /mosquitto/data//mosquitto.db.
1701173647: mosquitto version 2.0.10 starting
1701173647: Config loaded from /mosquitto/config/mosquitto.conf.
1701173647: Starting in local only mode. Connections will only be possible from clients running on this machine.
1701173647: Create a configuration file which defines a listener to allow remote access.
1701173647: For more details see https://mosquitto.org/documentation/authentication-methods/
1701173647: Opening ipv4 listen socket on port 1883.
1701173647: Opening ipv6 listen socket on port 1883.
1701173647: Error: Address not available
1701173647: mosquitto version 2.0.10 running
1701173728: mosquitto version 2.0.10 terminating
1701173728: Saving in-memory database to /mosquitto/data//mosquitto.db.
1701173733: mosquitto version 2.0.10 starting
1701173733: Config loaded from /mosquitto/config/mosquitto.conf.
1701173733: Starting in local only mode. Connections will only be possible from clients running on this machine.
1701173733: Create a configuration file which defines a listener to allow remote access.
1701173733: For more details see https://mosquitto.org/documentation/authentication-methods/
1701173733: Opening ipv4 listen socket on port 1883.
1701173733: Opening ipv6 listen socket on port 1883.
1701173733: Error: Address not available
1701173733: mosquitto version 2.0.10 running
1701173833: mosquitto version 2.0.10 terminating
1701173833: Saving in-memory database to /mosquitto/data//mosquitto.db.
1701173838: mosquitto version 2.0.10 starting
1701173838: Config loaded from /mosquitto/config/mosquitto.conf.
1701173838: Opening ipv4 listen socket on port 1883.
1701173838: Opening ipv6 listen socket on port 1883.
1701173838: mosquitto version 2.0.10 running
1701173839: New connection from 172.22.0.1:37966 on port 1883.
1701173839: Client <unknown> disconnected, not authorised.
1701173840: New connection from 172.22.0.1:37976 on port 1883.
1701173840: Client <unknown> disconnected, not authorised.
1701173841: New connection from 172.22.0.1:37982 on port 1883.
1701173841: Client <unknown> disconnected, not authorised.
1701173842: New connection from 172.22.0.1:37992 on port 1883.
1701173842: Client <unknown> disconnected, not authorised.
1701173843: New connection from 172.22.0.1:37996 on port 1883.
1701173843: Client <unknown> disconnected, not authorised.
1701173844: New connection from 172.22.0.1:38000 on port 1883.
1701173844: Client <unknown> disconnected, not authorised.
1701173845: New connection from 172.22.0.1:38002 on port 1883.
1701173845: Client <unknown> disconnected, not authorised.
1701173846: New connection from 172.22.0.1:38010 on port 1883.
1701173846: Client <unknown> disconnected, not authorised.
1701173847: New connection from 172.22.0.1:38024 on port 1883.
1701173847: Client <unknown> disconnected, not authorised.
1701173848: New connection from 172.22.0.1:33890 on port 1883.
1701173848: Client <unknown> disconnected, not authorised.
1701173849: New connection from 172.22.0.1:33892 on port 1883.
1701173849: Client <unknown> disconnected, not authorised.
1701173850: New connection from 172.22.0.1:33900 on port 1883.
1701173850: Client <unknown> disconnected, not authorised.
1701173850: New connection from 172.22.0.1:33908 on port 1883.
1701173850: New client connected from 172.22.0.1:33908 as 5c6e2f0b-8f7e-4772-9726-84814467b2d41701173850383 (p2, c1, k10, u'sonicbolt').
1701173903: mosquitto version 2.0.10 terminating
1701173903: Saving in-memory database to /mosquitto/data//mosquitto.db.
1701173907: mosquitto version 2.0.10 starting
1701173907: Config loaded from /mosquitto/config/mosquitto.conf.
1701173907: Opening ipv4 listen socket on port 1883.
1701173907: Opening ipv6 listen socket on port 1883.
1701173907: mosquitto version 2.0.10 running
1701173908: New connection from 172.22.0.1:52282 on port 1883.
1701173908: New client connected from 172.22.0.1:52282 as 5c6e2f0b-8f7e-4772-9726-84814467b2d41701173850383 (p2, c1, k10, u'sonicbolt').
1701175708: Saving in-memory database to /mosquitto/data//mosquitto.db.
1701175820: mosquitto version 2.0.10 terminating
1701175820: Saving in-memory database to /mosquitto/data//mosquitto.db.
1701238306: mosquitto version 2.0.10 starting
1701238306: Config loaded from /mosquitto/config/mosquitto.conf.
1701238306: Opening ipv4 listen socket on port 1883.
1701238306: Opening ipv6 listen socket on port 1883.
1701238306: mosquitto version 2.0.10 running
1701238440: New connection from 172.22.0.1:47246 on port 1883.
1701238440: New client connected from 172.22.0.1:47246 as 5c6e2f0b-8f7e-4772-9726-84814467b2d41701238440196 (p2, c1, k10, u'sonicbolt').
1701239196: mosquitto version 2.0.10 terminating
1701239196: Saving in-memory database to /mosquitto/data//mosquitto.db.
